TN:
SF:src/data/protocols/criptography/decrypter.ts
FN:1,(empty-report)
FNF:1
FNH:0
FNDA:0,(empty-report)
DA:1,0
DA:2,0
DA:3,0
LF:3
LH:0
BRDA:1,0,0,0
BRF:1
BRH:0
end_of_record
TN:
SF:src/data/usecases/load-account-by-token/db-load-account-by-token.ts
FN:6,DbLoadAccountByToken
FN:7,load
FNF:2
FNH:2
FNDA:2,DbLoadAccountByToken
FNDA:2,load
DA:1,1
DA:2,1
DA:3,1
DA:4,1
DA:5,1
DA:6,1
DA:7,1
DA:8,2
DA:9,2
DA:10,1
DA:11,1
DA:12,1
DA:13,1
DA:14,1
DA:15,1
DA:16,1
DA:17,1
DA:18,1
DA:19,1
LF:19
LH:19
BRDA:6,0,0,2
BRDA:7,1,0,2
BRDA:9,2,0,1
BRF:3
BRH:3
end_of_record
