TN:
SF:src/presentation/controllers/signup/signup-protocols.ts
FN:1,(empty-report)
FNF:1
FNH:0
FNDA:0,(empty-report)
DA:1,0
DA:2,0
DA:3,0
DA:4,0
DA:5,0
DA:6,0
LF:6
LH:0
BRDA:1,0,0,0
BRF:1
BRH:0
end_of_record
TN:
SF:src/presentation/controllers/signup/signup.ts
FN:10,SignUpController
FN:16,handle
FNF:2
FNH:2
FNDA:9,SignUpController
FNDA:9,handle
DA:1,1
DA:2,1
DA:3,1
DA:4,1
DA:5,1
DA:6,1
DA:7,1
DA:8,1
DA:9,1
DA:10,1
DA:11,9
DA:12,9
DA:13,9
DA:14,9
DA:15,1
DA:16,1
DA:17,9
DA:18,9
DA:19,9
DA:20,9
DA:21,1
DA:22,1
DA:23,8
DA:24,8
DA:25,8
DA:26,9
DA:27,1
DA:28,1
DA:29,7
DA:30,7
DA:31,7
DA:32,9
DA:33,1
DA:34,1
DA:35,5
DA:36,5
DA:37,5
DA:38,5
DA:39,5
DA:40,5
DA:41,4
DA:42,4
DA:43,9
DA:44,2
DA:45,2
DA:46,9
DA:47,1
LF:47
LH:47
BRDA:10,0,0,9
BRDA:16,1,0,9
BRDA:20,2,0,1
BRDA:23,3,0,8
BRDA:26,4,0,1
BRDA:29,5,0,7
BRDA:32,6,0,1
BRDA:35,7,0,5
BRDA:41,8,0,4
BRDA:43,9,0,2
BRF:10
BRH:10
end_of_record
TN:
SF:src/presentation/errors/index.ts
FNF:0
FNH:0
DA:1,1
DA:2,1
DA:3,1
DA:4,1
LF:4
LH:4
BRF:0
BRH:0
end_of_record
TN:
SF:src/presentation/helpers/http-helper.ts
FN:3,badRequest
FN:8,unauthorized
FN:13,serverError
FN:18,ok
FNF:4
FNH:3
FNDA:6,badRequest
FNDA:0,unauthorized
FNDA:3,serverError
FNDA:5,ok
DA:1,1
DA:2,1
DA:3,1
DA:4,6
DA:5,6
DA:6,6
DA:7,1
DA:8,1
DA:9,0
DA:10,0
DA:11,0
DA:12,1
DA:13,1
DA:14,3
DA:15,3
DA:16,3
DA:17,1
DA:18,1
DA:19,5
DA:20,5
DA:21,5
LF:21
LH:18
BRDA:3,0,0,6
BRDA:13,1,0,3
BRDA:18,2,0,5
BRF:3
BRH:3
end_of_record
TN:
SF:src/presentation/helpers/validators/validation-result.ts
FN:1,(empty-report)
FNF:1
FNH:0
FNDA:0,(empty-report)
DA:1,0
DA:2,0
DA:3,0
DA:4,0
LF:4
LH:0
BRDA:1,0,0,0
BRF:1
BRH:0
end_of_record
